<?xml version="1.0" encoding="UTF-8"?>
<!-- Generated by org.testng.reporters.JUnitXMLReporter -->
<testsuite ignored="0" hostname="Mds-MacBook-Air.local" failures="1" tests="2" name="Team PI Presentation" time="26.714" errors="0" timestamp="2020-07-09T21:22:05 EDT">
  <testcase classname="Runner.TestRunner" name="feature" time="10.83"/>
  <testcase classname="Runner.TestRunner" name="feature" time="15.219">
    <failure type="cucumber.runtime.CucumberException" message="java.lang.NullPointerException">
      <![CDATA[cucumber.runtime.CucumberException: java.lang.NullPointerException
at cucumber.api.testng.TestNGCucumberRunner.runCucumber(TestNGCucumberRunner.java:69)
at Runner.TestRunner.feature(TestRunner.java:34)
at java.base/java.util.ArrayList.forEach(ArrayList.java:1540)
at java.base/java.util.concurrent.FutureTask.run(FutureTask.java:264)
at java.base/java.util.concurrent.ThreadPoolExecutor.runWorker(ThreadPoolExecutor.java:1128)
at java.base/java.util.concurrent.ThreadPoolExecutor$Worker.run(ThreadPoolExecutor.java:628)
at java.base/java.lang.Thread.run(Thread.java:834)
Caused by: java.lang.NullPointerException
at org.openqa.selenium.support.pagefactory.internal.LocatingElementHandler.invoke(LocatingElementHandler.java:51)
at com.sun.proxy.$Proxy24.click(Unknown Source)
at Actions.TelevisionActions.clickTV(TelevisionActions.java:24)
at StepDefinations.TelevisionSteps.customer_clicks_TV_Video_from_next_drop_down(TelevisionSteps.java:26)
at ✽.When Customer clicks TV & Video from next drop down(Electronics.feature:10)
... Removed 19 stack frames]]>
    </failure>
  </testcase> <!-- feature -->
</testsuite> <!-- Team PI Presentation -->
